<?xml version="1.0" encoding="UTF-8"?>
<!-- Generated by org.testng.reporters.JUnitReportReporter -->
<testsuite hostname="IN-D6X7TT2" name="automationTests.HomePageTest" tests="1" failures="0" timestamp="18 Sep 2021 12:28:19 GMT" time="9.303" errors="0">
  <testcase name="validateSearchResultsForValidCitySearch" time="9.303" classname="automationTests.HomePageTest"/>
</testsuite> <!-- automationTests.HomePageTest -->
