<?xml version="1.0" encoding="UTF-8"?>
<!-- Generated by org.testng.reporters.JUnitReportReporter -->
<testsuite hostname="IN-D6X7TT2" name="automationTests.LoginPageTest" tests="1" failures="0" timestamp="13 Sep 2021 18:28:37 GMT" time="12.093" errors="0">
  <testcase name="testLoginWithInvalidCredentials" time="12.093" classname="automationTests.LoginPageTest"/>
</testsuite> <!-- automationTests.LoginPageTest -->
