<?xml version="1.0" encoding="UTF-8"?>
<!-- Generated by org.testng.reporters.JUnitReportReporter -->
<testsuite hostname="IN-D6X7TT2" name="automationTests.APIWeatherTest" tests="1" failures="0" timestamp="18 Sep 2021 12:28:19 GMT" time="1.746" errors="0">
  <testcase name="getWeatherInformation" time="1.746" classname="automationTests.APIWeatherTest"/>
</testsuite> <!-- automationTests.APIWeatherTest -->
