<?xml version="1.0" encoding="UTF-8"?>
<!-- Generated by org.testng.reporters.JUnitReportReporter -->
<testsuite hostname="IN-D6X7TT2" name="automationTests.HomePageTest" tests="1" failures="0" timestamp="19 Sep 2021 11:37:52 GMT" time="12.812" errors="0">
  <testcase name="validateSearchResultsForValidCitySearch" time="12.812" classname="automationTests.HomePageTest"/>
</testsuite> <!-- automationTests.HomePageTest -->
