<?xml version="1.0" encoding="UTF-8"?>
<!-- Generated by org.testng.reporters.JUnitReportReporter -->
<testsuite hostname="IN-D6X7TT2" name="automationTests.LoginPageTest" tests="1" failures="0" timestamp="15 Sep 2021 05:07:58 GMT" time="8.925" errors="0">
  <testcase name="testLoginWithInvalidCredentials" time="8.925" classname="automationTests.LoginPageTest"/>
</testsuite> <!-- automationTests.LoginPageTest -->
