<?xml version="1.0" encoding="UTF-8"?>
<!-- Generated by org.testng.reporters.JUnitReportReporter -->
<testsuite hostname="IN-D6X7TT2" name="automationTests.HomePageTest" tests="4" failures="0" timestamp="15 Sep 2021 05:07:58 GMT" time="33.002" errors="0">
  <testcase name="enterPincode" time="11.918" classname="automationTests.HomePageTest"/>
  <testcase name="validateSearchResultsForValidSearchQuery" time="6.475" classname="automationTests.HomePageTest"/>
  <testcase name="changeHomePageLanguage" time="10.147" classname="automationTests.HomePageTest"/>
  <testcase name="verifyHomePage" time="4.462" classname="automationTests.HomePageTest"/>
</testsuite> <!-- automationTests.HomePageTest -->
